<?xml version="1.0" encoding="UTF-8"?>
<!-- Generated by org.testng.reporters.JUnitXMLReporter -->
<testsuite ignored="0" hostname="LAPTOP-5200UCR4" failures="0" tests="12" name="Default test" time="173.922" errors="0" timestamp="2022-01-18T11:41:30 IST">
  <testcase classname="runner.CarBookingRunner" name="validateTitle" time="0.767"/>
  <testcase classname="runner.CarBookingRunner" name="LogIn" time="13.608"/>
  <testcase classname="runner.CarBookingRunner" name="Bookings" time="20.975"/>
  <testcase classname="runner.CarBookingRunner" name="Register" time="15.881"/>
  <testcase classname="runner.CarBookingRunner" name="Aboutus" time="3.033"/>
  <testcase classname="runner.CarBookingRunner" name="airporttaxi" time="10.798"/>
  <testcase classname="runner.CarBookingRunner" name="CheckCabTypes" time="5.856"/>
  <testcase classname="runner.CarBookingRunner" name="ContactUs" time="6.41"/>
  <testcase classname="runner.CarBookingRunner" name="localcars" time="6.92"/>
  <testcase classname="runner.CarBookingRunner" name="oneway" time="4.774"/>
  <testcase classname="runner.CarBookingRunner" name="RoundTrip" time="11.919"/>
  <testcase classname="runner.CarBookingRunner" name="TravelAgents" time="2.935"/>
</testsuite> <!-- Default test -->
