<?xml version="1.0" encoding="UTF-8"?>
<!-- Generated by org.testng.reporters.JUnitXMLReporter -->
<testsuite ignored="11" hostname="LAPTOP-5200UCR4" failures="0" tests="1" name="Test" time="32.07" errors="0" timestamp="2022-01-16T22:00:46 IST">
  <testcase classname="runner.CarBookingRunner" name="Bookings" time="21.987"/>
  <testcase classname="runner.CarBookingRunner" name="airporttaxi" time="0.0">
    <ignored/>
  </testcase> <!-- airporttaxi -->
  <testcase classname="runner.CarBookingRunner" name="TravelAgents" time="0.0">
    <ignored/>
  </testcase> <!-- TravelAgents -->
  <testcase classname="runner.CarBookingRunner" name="Aboutus" time="0.0">
    <ignored/>
  </testcase> <!-- Aboutus -->
  <testcase classname="runner.CarBookingRunner" name="RoundTrip" time="0.0">
    <ignored/>
  </testcase> <!-- RoundTrip -->
  <testcase classname="runner.CarBookingRunner" name="LogIn" time="0.0">
    <ignored/>
  </testcase> <!-- LogIn -->
  <testcase classname="runner.CarBookingRunner" name="validateTitle" time="0.0">
    <ignored/>
  </testcase> <!-- validateTitle -->
  <testcase classname="runner.CarBookingRunner" name="localcars" time="0.0">
    <ignored/>
  </testcase> <!-- localcars -->
  <testcase classname="runner.CarBookingRunner" name="Register" time="0.0">
    <ignored/>
  </testcase> <!-- Register -->
  <testcase classname="runner.CarBookingRunner" name="oneway" time="0.0">
    <ignored/>
  </testcase> <!-- oneway -->
  <testcase classname="runner.CarBookingRunner" name="ContactUs" time="0.0">
    <ignored/>
  </testcase> <!-- ContactUs -->
  <testcase classname="runner.CarBookingRunner" name="CheckCabTypes" time="0.0">
    <ignored/>
  </testcase> <!-- CheckCabTypes -->
</testsuite> <!-- Test -->
