<?xml version="1.0" encoding="UTF-8"?>
<testng-results ignored="0" total="12" passed="12" failed="0" skipped="0">
  <reporter-output>
  </reporter-output>
  <suite started-at="2022-01-18T11:38:36 IST" name="Default suite" finished-at="2022-01-18T11:41:30 IST" duration-ms="173922">
    <groups>
    </groups>
    <test started-at="2022-01-18T11:38:36 IST" name="Default test" finished-at="2022-01-18T11:41:30 IST" duration-ms="173922">
      <class name="runner.CarBookingRunner">
        <test-method is-config="true" signature="initializeDriver()[pri:0, instance:runner.CarBookingRunner@4671115f]" started-at="2022-01-18T11:38:36 IST" name="initializeDriver" finished-at="2022-01-18T11:38:44 IST" duration-ms="8492" status="PASS">
          <reporter-output>
          </reporter-output>
        </test-method> <!-- initializeDriver -->
        <test-method signature="validateTitle(java.lang.String)[pri:1, instance:runner.CarBookingRunner@4671115f]" started-at="2022-01-18T11:38:44 IST" name="validateTitle" data-provider="getTitle" finished-at="2022-01-18T11:38:45 IST" duration-ms="767" status="PASS">
          <params>
            <param index="0">
              <value>
                <![CDATA[Book Outstation Cabs, Local & Airport Taxi Service - India's Leading Car Rentals]]>
              </value>
            </param>
          </params>
          <reporter-output>
          </reporter-output>
        </test-method> <!-- validateTitle -->
        <test-method is-config="true" signature="EndTheTest()[pri:0, instance:runner.CarBookingRunner@4671115f]" started-at="2022-01-18T11:38:45 IST" name="EndTheTest" finished-at="2022-01-18T11:38:46 IST" duration-ms="1472" status="PASS">
          <reporter-output>
          </reporter-output>
        </test-method> <!-- EndTheTest -->
        <test-method is-config="true" signature="initializeDriver()[pri:0, instance:runner.CarBookingRunner@4671115f]" started-at="2022-01-18T11:38:46 IST" name="initializeDriver" finished-at="2022-01-18T11:38:51 IST" duration-ms="4841" status="PASS">
          <reporter-output>
          </reporter-output>
        </test-method> <!-- initializeDriver -->
        <test-method signature="LogIn(java.lang.String,java.lang.String)[pri:2, instance:runner.CarBookingRunner@4671115f]" started-at="2022-01-18T11:38:51 IST" name="LogIn" data-provider="getData" finished-at="2022-01-18T11:39:05 IST" duration-ms="13608" status="PASS">
          <params>
            <param index="0">
              <value>
                <![CDATA[ynn@gmail.com]]>
              </value>
            </param>
            <param index="1">
              <value>
                <![CDATA[password]]>
              </value>
            </param>
          </params>
          <reporter-output>
          </reporter-output>
        </test-method> <!-- LogIn -->
        <test-method is-config="true" signature="EndTheTest()[pri:0, instance:runner.CarBookingRunner@4671115f]" started-at="2022-01-18T11:39:05 IST" name="EndTheTest" finished-at="2022-01-18T11:39:06 IST" duration-ms="1503" status="PASS">
          <reporter-output>
          </reporter-output>
        </test-method> <!-- EndTheTest -->
        <test-method is-config="true" signature="initializeDriver()[pri:0, instance:runner.CarBookingRunner@4671115f]" started-at="2022-01-18T11:39:06 IST" name="initializeDriver" finished-at="2022-01-18T11:39:11 IST" duration-ms="4602" status="PASS">
          <reporter-output>
          </reporter-output>
        </test-method> <!-- initializeDriver -->
        <test-method signature="Bookings(java.lang.String,java.lang.String,java.lang.String)[pri:3, instance:runner.CarBookingRunner@4671115f]" started-at="2022-01-18T11:39:11 IST" name="Bookings" data-provider="getViewBooking" finished-at="2022-01-18T11:39:32 IST" duration-ms="20975" status="PASS">
          <params>
            <param index="0">
              <value>
                <![CDATA[ynn@gmail.com]]>
              </value>
            </param>
            <param index="1">
              <value>
                <![CDATA[password]]>
              </value>
            </param>
            <param index="2">
              <value>
                <![CDATA[Bookings]]>
              </value>
            </param>
          </params>
          <reporter-output>
          </reporter-output>
        </test-method> <!-- Bookings -->
        <test-method is-config="true" signature="EndTheTest()[pri:0, instance:runner.CarBookingRunner@4671115f]" started-at="2022-01-18T11:39:32 IST" name="EndTheTest" finished-at="2022-01-18T11:39:33 IST" duration-ms="1290" status="PASS">
          <reporter-output>
          </reporter-output>
        </test-method> <!-- EndTheTest -->
        <test-method is-config="true" signature="initializeDriver()[pri:0, instance:runner.CarBookingRunner@4671115f]" started-at="2022-01-18T11:39:33 IST" name="initializeDriver" finished-at="2022-01-18T11:39:37 IST" duration-ms="3865" status="PASS">
          <reporter-output>
          </reporter-output>
        </test-method> <!-- initializeDriver -->
        <test-method signature="Register(java.lang.String,java.lang.String,java.lang.String,java.lang.String,java.lang.String)[pri:4, instance:runner.CarBookingRunner@4671115f]" started-at="2022-01-18T11:39:37 IST" name="Register" data-provider="getuserData" finished-at="2022-01-18T11:39:53 IST" duration-ms="15881" status="PASS">
          <params>
            <param index="0">
              <value>
                <![CDATA[nv]]>
              </value>
            </param>
            <param index="1">
              <value>
                <![CDATA[1.234567892E9]]>
              </value>
            </param>
            <param index="2">
              <value>
                <![CDATA[nv23@gmail.com]]>
              </value>
            </param>
            <param index="3">
              <value>
                <![CDATA[password]]>
              </value>
            </param>
            <param index="4">
              <value>
                <![CDATA[password]]>
              </value>
            </param>
          </params>
          <reporter-output>
          </reporter-output>
        </test-method> <!-- Register -->
        <test-method is-config="true" signature="EndTheTest()[pri:0, instance:runner.CarBookingRunner@4671115f]" started-at="2022-01-18T11:39:53 IST" name="EndTheTest" finished-at="2022-01-18T11:39:54 IST" duration-ms="1257" status="PASS">
          <reporter-output>
          </reporter-output>
        </test-method> <!-- EndTheTest -->
        <test-method is-config="true" signature="initializeDriver()[pri:0, instance:runner.CarBookingRunner@4671115f]" started-at="2022-01-18T11:39:54 IST" name="initializeDriver" finished-at="2022-01-18T11:39:58 IST" duration-ms="4178" status="PASS">
          <reporter-output>
          </reporter-output>
        </test-method> <!-- initializeDriver -->
        <test-method signature="Aboutus(java.lang.String)[pri:5, instance:runner.CarBookingRunner@4671115f]" started-at="2022-01-18T11:39:58 IST" name="Aboutus" data-provider="getCEOName" finished-at="2022-01-18T11:40:01 IST" duration-ms="3033" status="PASS">
          <params>
            <param index="0">
              <value>
                <![CDATA[Gaurav Aggarwal]]>
              </value>
            </param>
          </params>
          <reporter-output>
          </reporter-output>
        </test-method> <!-- Aboutus -->
        <test-method is-config="true" signature="EndTheTest()[pri:0, instance:runner.CarBookingRunner@4671115f]" started-at="2022-01-18T11:40:01 IST" name="EndTheTest" finished-at="2022-01-18T11:40:03 IST" duration-ms="1087" status="PASS">
          <reporter-output>
          </reporter-output>
        </test-method> <!-- EndTheTest -->
        <test-method is-config="true" signature="initializeDriver()[pri:0, instance:runner.CarBookingRunner@4671115f]" started-at="2022-01-18T11:40:03 IST" name="initializeDriver" finished-at="2022-01-18T11:40:07 IST" duration-ms="4248" status="PASS">
          <reporter-output>
          </reporter-output>
        </test-method> <!-- initializeDriver -->
        <test-method signature="airporttaxi(java.lang.String,java.lang.String,java.lang.String,java.lang.String,java.lang.String,java.lang.String,java.lang.String)[pri:6, instance:runner.CarBookingRunner@4671115f]" started-at="2022-01-18T11:40:07 IST" name="airporttaxi" data-provider="getAirportdata" finished-at="2022-01-18T11:40:18 IST" duration-ms="10798" status="PASS">
          <params>
            <param index="0">
              <value>
                <![CDATA[Bangalore, Karnataka]]>
              </value>
            </param>
            <param index="1">
              <value>
                <![CDATA[Bangalore, Karnataka]]>
              </value>
            </param>
            <param index="2">
              <value>
                <![CDATA[January2022]]>
              </value>
            </param>
            <param index="3">
              <value>
                <![CDATA[23]]>
              </value>
            </param>
            <param index="4">
              <value>
                <![CDATA[2:30 PM]]>
              </value>
            </param>
            <param index="5">
              <value>
                <![CDATA[Bangalore]]>
              </value>
            </param>
            <param index="6">
              <value>
                <![CDATA[23-01-2022]]>
              </value>
            </param>
          </params>
          <reporter-output>
          </reporter-output>
        </test-method> <!-- airporttaxi -->
        <test-method is-config="true" signature="EndTheTest()[pri:0, instance:runner.CarBookingRunner@4671115f]" started-at="2022-01-18T11:40:18 IST" name="EndTheTest" finished-at="2022-01-18T11:40:19 IST" duration-ms="1393" status="PASS">
          <reporter-output>
          </reporter-output>
        </test-method> <!-- EndTheTest -->
        <test-method is-config="true" signature="initializeDriver()[pri:0, instance:runner.CarBookingRunner@4671115f]" started-at="2022-01-18T11:40:19 IST" name="initializeDriver" finished-at="2022-01-18T11:40:23 IST" duration-ms="4292" status="PASS">
          <reporter-output>
          </reporter-output>
        </test-method> <!-- initializeDriver -->
        <test-method signature="CheckCabTypes(java.lang.String)[pri:7, instance:runner.CarBookingRunner@4671115f]" started-at="2022-01-18T11:40:23 IST" name="CheckCabTypes" data-provider="getCabType" finished-at="2022-01-18T11:40:29 IST" duration-ms="5856" status="PASS">
          <params>
            <param index="0">
              <value>
                <![CDATA[Savaari - Cab Types]]>
              </value>
            </param>
          </params>
          <reporter-output>
          </reporter-output>
        </test-method> <!-- CheckCabTypes -->
        <test-method is-config="true" signature="EndTheTest()[pri:0, instance:runner.CarBookingRunner@4671115f]" started-at="2022-01-18T11:40:29 IST" name="EndTheTest" finished-at="2022-01-18T11:40:30 IST" duration-ms="1247" status="PASS">
          <reporter-output>
          </reporter-output>
        </test-method> <!-- EndTheTest -->
        <test-method is-config="true" signature="initializeDriver()[pri:0, instance:runner.CarBookingRunner@4671115f]" started-at="2022-01-18T11:40:30 IST" name="initializeDriver" finished-at="2022-01-18T11:40:35 IST" duration-ms="4407" status="PASS">
          <reporter-output>
          </reporter-output>
        </test-method> <!-- initializeDriver -->
        <test-method signature="ContactUs(java.lang.String)[pri:8, instance:runner.CarBookingRunner@4671115f]" started-at="2022-01-18T11:40:35 IST" name="ContactUs" data-provider="getContact" finished-at="2022-01-18T11:40:41 IST" duration-ms="6410" status="PASS">
          <params>
            <param index="0">
              <value>
                <![CDATA[Contact Us]]>
              </value>
            </param>
          </params>
          <reporter-output>
          </reporter-output>
        </test-method> <!-- ContactUs -->
        <test-method is-config="true" signature="EndTheTest()[pri:0, instance:runner.CarBookingRunner@4671115f]" started-at="2022-01-18T11:40:41 IST" name="EndTheTest" finished-at="2022-01-18T11:40:43 IST" duration-ms="1400" status="PASS">
          <reporter-output>
          </reporter-output>
        </test-method> <!-- EndTheTest -->
        <test-method is-config="true" signature="initializeDriver()[pri:0, instance:runner.CarBookingRunner@4671115f]" started-at="2022-01-18T11:40:43 IST" name="initializeDriver" finished-at="2022-01-18T11:40:47 IST" duration-ms="4163" status="PASS">
          <reporter-output>
          </reporter-output>
        </test-method> <!-- initializeDriver -->
        <test-method signature="localcars(java.lang.String,java.lang.String,java.lang.String,java.lang.String,java.lang.String,java.lang.String)[pri:9, instance:runner.CarBookingRunner@4671115f]" started-at="2022-01-18T11:40:47 IST" name="localcars" data-provider="getLocal" finished-at="2022-01-18T11:40:54 IST" duration-ms="6920" status="PASS">
          <params>
            <param index="0">
              <value>
                <![CDATA[Bangalore, Karnataka]]>
              </value>
            </param>
            <param index="1">
              <value>
                <![CDATA[January2022]]>
              </value>
            </param>
            <param index="2">
              <value>
                <![CDATA[23]]>
              </value>
            </param>
            <param index="3">
              <value>
                <![CDATA[2:30 PM]]>
              </value>
            </param>
            <param index="4">
              <value>
                <![CDATA[Bangalore]]>
              </value>
            </param>
            <param index="5">
              <value>
                <![CDATA[23-01-2022]]>
              </value>
            </param>
          </params>
          <reporter-output>
          </reporter-output>
        </test-method> <!-- localcars -->
        <test-method is-config="true" signature="EndTheTest()[pri:0, instance:runner.CarBookingRunner@4671115f]" started-at="2022-01-18T11:40:54 IST" name="EndTheTest" finished-at="2022-01-18T11:40:55 IST" duration-ms="1095" status="PASS">
          <reporter-output>
          </reporter-output>
        </test-method> <!-- EndTheTest -->
        <test-method is-config="true" signature="initializeDriver()[pri:0, instance:runner.CarBookingRunner@4671115f]" started-at="2022-01-18T11:40:55 IST" name="initializeDriver" finished-at="2022-01-18T11:40:59 IST" duration-ms="4091" status="PASS">
          <reporter-output>
          </reporter-output>
        </test-method> <!-- initializeDriver -->
        <test-method signature="oneway(java.lang.String,java.lang.String,java.lang.String,java.lang.String,java.lang.String,java.lang.String,java.lang.String)[pri:10, instance:runner.CarBookingRunner@4671115f]" started-at="2022-01-18T11:40:59 IST" name="oneway" data-provider="getoneway" finished-at="2022-01-18T11:41:04 IST" duration-ms="4774" status="PASS">
          <params>
            <param index="0">
              <value>
                <![CDATA[Bangalore, Karnataka]]>
              </value>
            </param>
            <param index="1">
              <value>
                <![CDATA[Chennai, Tamil Nadu]]>
              </value>
            </param>
            <param index="2">
              <value>
                <![CDATA[January2022]]>
              </value>
            </param>
            <param index="3">
              <value>
                <![CDATA[23]]>
              </value>
            </param>
            <param index="4">
              <value>
                <![CDATA[2:30 PM]]>
              </value>
            </param>
            <param index="5">
              <value>
                <![CDATA[Bangalore]]>
              </value>
            </param>
            <param index="6">
              <value>
                <![CDATA[23-01-2022]]>
              </value>
            </param>
          </params>
          <reporter-output>
          </reporter-output>
        </test-method> <!-- oneway -->
        <test-method is-config="true" signature="EndTheTest()[pri:0, instance:runner.CarBookingRunner@4671115f]" started-at="2022-01-18T11:41:04 IST" name="EndTheTest" finished-at="2022-01-18T11:41:05 IST" duration-ms="1075" status="PASS">
          <reporter-output>
          </reporter-output>
        </test-method> <!-- EndTheTest -->
        <test-method is-config="true" signature="initializeDriver()[pri:0, instance:runner.CarBookingRunner@4671115f]" started-at="2022-01-18T11:41:05 IST" name="initializeDriver" finished-at="2022-01-18T11:41:09 IST" duration-ms="4269" status="PASS">
          <reporter-output>
          </reporter-output>
        </test-method> <!-- initializeDriver -->
        <test-method signature="RoundTrip(java.lang.String,java.lang.String,java.lang.String,java.lang.String,java.lang.String,java.lang.String,java.lang.String,java.lang.String,java.lang.String)[pri:11, instance:runner.CarBookingRunner@4671115f]" started-at="2022-01-18T11:41:09 IST" name="RoundTrip" data-provider="getRoundTrip" finished-at="2022-01-18T11:41:21 IST" duration-ms="11919" status="PASS">
          <params>
            <param index="0">
              <value>
                <![CDATA[Bangalore, Karnataka]]>
              </value>
            </param>
            <param index="1">
              <value>
                <![CDATA[Chennai, Tamil Nadu]]>
              </value>
            </param>
            <param index="2">
              <value>
                <![CDATA[January2022]]>
              </value>
            </param>
            <param index="3">
              <value>
                <![CDATA[23]]>
              </value>
            </param>
            <param index="4">
              <value>
                <![CDATA[January2022]]>
              </value>
            </param>
            <param index="5">
              <value>
                <![CDATA[25]]>
              </value>
            </param>
            <param index="6">
              <value>
                <![CDATA[2:30 PM]]>
              </value>
            </param>
            <param index="7">
              <value>
                <![CDATA[Bangalore]]>
              </value>
            </param>
            <param index="8">
              <value>
                <![CDATA[23-01-2022]]>
              </value>
            </param>
          </params>
          <reporter-output>
          </reporter-output>
        </test-method> <!-- RoundTrip -->
        <test-method is-config="true" signature="EndTheTest()[pri:0, instance:runner.CarBookingRunner@4671115f]" started-at="2022-01-18T11:41:21 IST" name="EndTheTest" finished-at="2022-01-18T11:41:22 IST" duration-ms="1265" status="PASS">
          <reporter-output>
          </reporter-output>
        </test-method> <!-- EndTheTest -->
        <test-method is-config="true" signature="initializeDriver()[pri:0, instance:runner.CarBookingRunner@4671115f]" started-at="2022-01-18T11:41:22 IST" name="initializeDriver" finished-at="2022-01-18T11:41:26 IST" duration-ms="4136" status="PASS">
          <reporter-output>
          </reporter-output>
        </test-method> <!-- initializeDriver -->
        <test-method signature="TravelAgents()[pri:12, instance:runner.CarBookingRunner@4671115f]" started-at="2022-01-18T11:41:26 IST" name="TravelAgents" finished-at="2022-01-18T11:41:29 IST" duration-ms="2935" status="PASS">
          <reporter-output>
          </reporter-output>
        </test-method> <!-- TravelAgents -->
        <test-method is-config="true" signature="EndTheTest()[pri:0, instance:runner.CarBookingRunner@4671115f]" started-at="2022-01-18T11:41:29 IST" name="EndTheTest" finished-at="2022-01-18T11:41:30 IST" duration-ms="250" status="PASS">
          <reporter-output>
          </reporter-output>
        </test-method> <!-- EndTheTest -->
      </class> <!-- runner.CarBookingRunner -->
    </test> <!-- Default test -->
  </suite> <!-- Default suite -->
</testng-results>
